<?xml version="1.0" encoding="UTF-8"?>
<!-- Generated by org.testng.reporters.JUnitXMLReporter -->
<testsuite ignored="0" hostname="LTIN297590" failures="0" tests="5" name="Default test" time="37.82" errors="0" timestamp="2024-03-04T19:48:22 IST">
  <testcase classname="testScenarios.DisplayBookshelves" name="clickOnBookShelvesMenu" time="10.684"/>
  <testcase classname="testScenarios.DisplayBookshelves" name="mouseHoverOfBrandFilter" time="14.823"/>
  <testcase classname="testScenarios.DisplayBookshelves" name="giftCard" time="4.091"/>
  <testcase classname="testScenarios.DisplayBookshelves" name="screenShotOfErrorMessage" time="0.357"/>
  <testcase classname="testScenarios.DisplayBookshelves" name="displayErrorMessage" time="0.022"/>
</testsuite> <!-- Default test -->
