<?xml version="1.0" encoding="UTF-8"?>
<!-- Generated by org.testng.reporters.JUnitXMLReporter -->
<testsuite ignored="2" hostname="LTIN297590" failures="0" tests="3" name="Smoke Test two" time="7.065" errors="0" timestamp="2024-03-04T20:29:46 IST">
  <testcase classname="testScenarios.DisplayBookshelves" name="giftCard" time="3.911"/>
  <testcase classname="testScenarios.DisplayBookshelves" name="screenShotOfErrorMessage" time="0.372"/>
  <testcase classname="testScenarios.DisplayBookshelves" name="displayErrorMessage" time="0.023"/>
  <testcase classname="testScenarios.DisplayBookshelves" name="clickOnBookShelvesMenu" time="0.0">
    <ignored/>
  </testcase> <!-- clickOnBookShelvesMenu -->
  <testcase classname="testScenarios.DisplayBookshelves" name="mouseHoverOfBrandFilter" time="0.0">
    <ignored/>
  </testcase> <!-- mouseHoverOfBrandFilter -->
</testsuite> <!-- Smoke Test two -->
