<?xml version="1.0" encoding="UTF-8"?>
<!-- Generated by org.testng.reporters.JUnitXMLReporter -->
<testsuite ignored="4" hostname="LTIN297590" failures="0" tests="1" name="Smoke Test one" time="18.951" errors="0" timestamp="2024-03-04T20:29:24 IST">
  <testcase classname="testScenarios.DisplayBookshelves" name="clickOnBookShelvesMenu" time="11.432"/>
  <testcase classname="testScenarios.DisplayBookshelves" name="mouseHoverOfBrandFilter" time="0.0">
    <ignored/>
  </testcase> <!-- mouseHoverOfBrandFilter -->
  <testcase classname="testScenarios.DisplayBookshelves" name="screenShotOfErrorMessage" time="0.0">
    <ignored/>
  </testcase> <!-- screenShotOfErrorMessage -->
  <testcase classname="testScenarios.DisplayBookshelves" name="giftCard" time="0.0">
    <ignored/>
  </testcase> <!-- giftCard -->
  <testcase classname="testScenarios.DisplayBookshelves" name="displayErrorMessage" time="0.0">
    <ignored/>
  </testcase> <!-- displayErrorMessage -->
</testsuite> <!-- Smoke Test one -->
