<?xml version="1.0" encoding="UTF-8"?>
<testng-results ignored="0" total="5" passed="5" failed="0" skipped="0">
  <reporter-output>
  </reporter-output>
  <suite started-at="2024-03-04T20:29:05 IST" name="Funtional Testing" finished-at="2024-03-04T20:29:46 IST" duration-ms="41019">
    <groups>
      <group name="Smoke Test two">
        <method signature="DisplayBookshelves.giftCard()[pri:3, instance:testScenarios.DisplayBookshelves@4f209819]" name="giftCard" class="testScenarios.DisplayBookshelves"/>
        <method signature="DisplayBookshelves.screenShotOfErrorMessage()[pri:4, instance:testScenarios.DisplayBookshelves@4f209819]" name="screenShotOfErrorMessage" class="testScenarios.DisplayBookshelves"/>
        <method signature="DisplayBookshelves.displayErrorMessage()[pri:5, instance:testScenarios.DisplayBookshelves@4f209819]" name="displayErrorMessage" class="testScenarios.DisplayBookshelves"/>
      </group> <!-- Smoke Test two -->
      <group name="Smoke Test one">
        <method signature="DisplayBookshelves.clickOnBookShelvesMenu()[pri:1, instance:testScenarios.DisplayBookshelves@433d61fb]" name="clickOnBookShelvesMenu" class="testScenarios.DisplayBookshelves"/>
      </group> <!-- Smoke Test one -->
      <group name="Regression Test one">
        <method signature="DisplayBookshelves.mouseHoverOfBrandFilter()[pri:2, instance:testScenarios.DisplayBookshelves@15c43bd9]" name="mouseHoverOfBrandFilter" class="testScenarios.DisplayBookshelves"/>
      </group> <!-- Regression Test one -->
    </groups>
    <test started-at="2024-03-04T20:29:05 IST" name="Smoke Test one" finished-at="2024-03-04T20:29:24 IST" duration-ms="18951">
      <class name="testScenarios.DisplayBookshelves">
        <test-method is-config="true" signature="driverConfig()[pri:0, instance:testScenarios.DisplayBookshelves@433d61fb]" started-at="2024-03-04T20:29:06 IST" name="driverConfig" finished-at="2024-03-04T20:29:13 IST" duration-ms="7450" status="PASS">
          <reporter-output>
          </reporter-output>
        </test-method> <!-- driverConfig -->
        <test-method signature="clickOnBookShelvesMenu()[pri:1, instance:testScenarios.DisplayBookshelves@433d61fb]" started-at="2024-03-04T20:29:13 IST" name="clickOnBookShelvesMenu" finished-at="2024-03-04T20:29:24 IST" duration-ms="11432" status="PASS">
          <reporter-output>
          </reporter-output>
        </test-method> <!-- clickOnBookShelvesMenu -->
      </class> <!-- testScenarios.DisplayBookshelves -->
    </test> <!-- Smoke Test one -->
    <test started-at="2024-03-04T20:29:24 IST" name="Regression Test one" finished-at="2024-03-04T20:29:39 IST" duration-ms="14960">
      <class name="testScenarios.DisplayBookshelves">
        <test-method signature="mouseHoverOfBrandFilter()[pri:2, instance:testScenarios.DisplayBookshelves@15c43bd9]" started-at="2024-03-04T20:29:24 IST" name="mouseHoverOfBrandFilter" finished-at="2024-03-04T20:29:39 IST" duration-ms="14959" status="PASS">
          <reporter-output>
          </reporter-output>
        </test-method> <!-- mouseHoverOfBrandFilter -->
      </class> <!-- testScenarios.DisplayBookshelves -->
    </test> <!-- Regression Test one -->
    <test started-at="2024-03-04T20:29:39 IST" name="Smoke Test two" finished-at="2024-03-04T20:29:46 IST" duration-ms="7065">
      <class name="testScenarios.DisplayBookshelves">
        <test-method signature="giftCard()[pri:3, instance:testScenarios.DisplayBookshelves@4f209819]" started-at="2024-03-04T20:29:39 IST" name="giftCard" finished-at="2024-03-04T20:29:43 IST" duration-ms="3911" status="PASS">
          <reporter-output>
          </reporter-output>
        </test-method> <!-- giftCard -->
        <test-method signature="screenShotOfErrorMessage()[pri:4, instance:testScenarios.DisplayBookshelves@4f209819]" started-at="2024-03-04T20:29:43 IST" name="screenShotOfErrorMessage" finished-at="2024-03-04T20:29:44 IST" duration-ms="372" status="PASS">
          <reporter-output>
          </reporter-output>
        </test-method> <!-- screenShotOfErrorMessage -->
        <test-method signature="displayErrorMessage()[pri:5, instance:testScenarios.DisplayBookshelves@4f209819]" started-at="2024-03-04T20:29:44 IST" name="displayErrorMessage" finished-at="2024-03-04T20:29:44 IST" duration-ms="23" status="PASS">
          <reporter-output>
          </reporter-output>
        </test-method> <!-- displayErrorMessage -->
        <test-method is-config="true" signature="closingBrowser()[pri:0, instance:testScenarios.DisplayBookshelves@4f209819]" started-at="2024-03-04T20:29:44 IST" name="closingBrowser" finished-at="2024-03-04T20:29:46 IST" duration-ms="2754" status="PASS">
          <reporter-output>
          </reporter-output>
        </test-method> <!-- closingBrowser -->
      </class> <!-- testScenarios.DisplayBookshelves -->
    </test> <!-- Smoke Test two -->
  </suite> <!-- Funtional Testing -->
</testng-results>
