<?xml version="1.0" encoding="UTF-8"?>
<testsuite xmlns:xsi="http://www.w3.org/2001/XMLSchema-instance" xsi:noNamespaceSchemaLocation="https://maven.apache.org/surefire/maven-surefire-plugin/xsd/surefire-test-report.xsd" name="TestSuite" time="41.659" tests="5" errors="0" skipped="0" failures="0">
  <properties>
[...]
</properties>
  <testcase name="clickOnBookShelvesMenu" classname="testScenarios.DisplayBookshelves" time="11.441"/>
  <testcase name="mouseHoverOfBrandFilter" classname="testScenarios.DisplayBookshelves" time="14.959"/>
  <testcase name="giftCard" classname="testScenarios.DisplayBookshelves" time="3.911"/>
  <testcase name="screenShotOfErrorMessage" classname="testScenarios.DisplayBookshelves" time="0.373"/>
  <testcase name="displayErrorMessage" classname="testScenarios.DisplayBookshelves" time="0.023"/>
</testsuite>