<?xml version="1.0" encoding="UTF-8"?>
<!-- Generated by org.testng.reporters.JUnitXMLReporter -->
<testsuite ignored="0" hostname="LAPTOP-R8VBPGHT" failures="0" tests="31" name="Display Bookshelves-chrometest" time="31.672" errors="0" timestamp="24 Mar 2022 07:41:56 GMT">
  <testcase classname="testScenarios.DisplayBookshelves" name="testCaseReadJSON" time="0.034"/>
  <testcase classname="testScenarios.DisplayBookshelves" name="clickOnBookShelvesMenu" time="2.552"/>
  <testcase classname="testScenarios.DisplayBookshelves" name="closePopUp" time="2.97"/>
  <testcase classname="testScenarios.DisplayBookshelves" name="mouseHoverToPriceFilter" time="0.56"/>
  <testcase classname="testScenarios.DisplayBookshelves" name="waitForDragAndDropVisibility" time="0.353"/>
  <testcase classname="testScenarios.DisplayBookshelves" name="dragAndDropOfPriceFilter" time="1.148"/>
  <testcase classname="testScenarios.DisplayBookshelves" name="mouseHoverToStrogeTypFilter" time="0.168"/>
  <testcase classname="testScenarios.DisplayBookshelves" name="openAsStorageType" time="0.089"/>
  <testcase classname="testScenarios.DisplayBookshelves" name="enablingExcludeOutOfStock" time="0.116"/>
  <testcase classname="testScenarios.DisplayBookshelves" name="collectingBookShelvesList" time="5.582"/>
  <testcase classname="testScenarios.DisplayBookshelves" name="displayingBookShelves" time="0.003"/>
  <testcase classname="testScenarios.DisplayBookshelves" name="screenShotOfBookShelves" time="0.787"/>
  <testcase classname="testScenarios.DisplayBookshelves" name="mouseHoverOfBrandFilter" time="0.156"/>
  <testcase classname="testScenarios.DisplayBookshelves" name="clickOnByAtHomeAsBrand" time="0.099"/>
  <testcase classname="testScenarios.DisplayBookshelves" name="byAtHomeBookShelvesList" time="0.307"/>
  <testcase classname="testScenarios.DisplayBookshelves" name="displayingByAtHomeBookShelves" time="0.086"/>
  <testcase classname="testScenarios.DisplayBookshelves" name="screenShotOfByAtHomeBookShelves" time="1.346"/>
  <testcase classname="testScenarios.DisplayBookshelves" name="waitForGiftCardVisibility" time="0.35"/>
  <testcase classname="testScenarios.DisplayBookshelves" name="clickOnGiftCard" time="2.721"/>
  <testcase classname="testScenarios.DisplayBookshelves" name="clickOnBirthdayOrAnniversary" time="0.322"/>
  <testcase classname="testScenarios.DisplayBookshelves" name="enteringAmount" time="0.367"/>
  <testcase classname="testScenarios.DisplayBookshelves" name="clickOnNext" time="0.294"/>
  <testcase classname="testScenarios.DisplayBookshelves" name="enterRecipientName" time="0.336"/>
  <testcase classname="testScenarios.DisplayBookshelves" name="enterRecipientEmail" time="0.224"/>
  <testcase classname="testScenarios.DisplayBookshelves" name="enterCustomerName" time="0.335"/>
  <testcase classname="testScenarios.DisplayBookshelves" name="enterCustomerEmail" time="0.301"/>
  <testcase classname="testScenarios.DisplayBookshelves" name="enterCustomerMobileNumber" time="0.214"/>
  <testcase classname="testScenarios.DisplayBookshelves" name="enterMessage" time="0.209"/>
  <testcase classname="testScenarios.DisplayBookshelves" name="clickOnConfirm" time="0.255"/>
  <testcase classname="testScenarios.DisplayBookshelves" name="screenShotOfErrorMessage" time="0.767"/>
  <testcase classname="testScenarios.DisplayBookshelves" name="displayErrorMessage" time="0.197"/>
</testsuite> <!-- Display Bookshelves-chrometest -->
