<?xml version="1.0" encoding="UTF-8"?>
<!-- Generated by org.testng.reporters.JUnitXMLReporter -->
<testsuite ignored="2" hostname="LTIN297590" failures="0" tests="3" name="Smoke Test two" time="6.38" errors="0" timestamp="2024-03-04T20:23:28 IST">
  <testcase classname="testScenarios.DisplayBookshelves" name="giftCard" time="3.563"/>
  <testcase classname="testScenarios.DisplayBookshelves" name="screenShotOfErrorMessage" time="0.36"/>
  <testcase classname="testScenarios.DisplayBookshelves" name="displayErrorMessage" time="0.021"/>
  <testcase classname="testScenarios.DisplayBookshelves" name="mouseHoverOfBrandFilter" time="0.0">
    <ignored/>
  </testcase> <!-- mouseHoverOfBrandFilter -->
  <testcase classname="testScenarios.DisplayBookshelves" name="clickOnBookShelvesMenu" time="0.0">
    <ignored/>
  </testcase> <!-- clickOnBookShelvesMenu -->
</testsuite> <!-- Smoke Test two -->
