<?xml version="1.0" encoding="UTF-8"?>
<testng-results ignored="0" total="5" passed="5" failed="0" skipped="0">
  <reporter-output>
  </reporter-output>
  <suite started-at="2024-03-04T20:22:50 IST" name="Funtional Testing" finished-at="2024-03-04T20:23:28 IST" duration-ms="38310">
    <groups>
      <group name="Smoke Test two">
        <method signature="DisplayBookshelves.giftCard()[pri:3, instance:testScenarios.DisplayBookshelves@5bda8e08]" name="giftCard" class="testScenarios.DisplayBookshelves"/>
        <method signature="DisplayBookshelves.screenShotOfErrorMessage()[pri:4, instance:testScenarios.DisplayBookshelves@5bda8e08]" name="screenShotOfErrorMessage" class="testScenarios.DisplayBookshelves"/>
        <method signature="DisplayBookshelves.displayErrorMessage()[pri:5, instance:testScenarios.DisplayBookshelves@5bda8e08]" name="displayErrorMessage" class="testScenarios.DisplayBookshelves"/>
      </group> <!-- Smoke Test two -->
      <group name="Smoke Test one">
        <method signature="DisplayBookshelves.clickOnBookShelvesMenu()[pri:1, instance:testScenarios.DisplayBookshelves@4c371370]" name="clickOnBookShelvesMenu" class="testScenarios.DisplayBookshelves"/>
      </group> <!-- Smoke Test one -->
      <group name="Regression Test one">
        <method signature="DisplayBookshelves.mouseHoverOfBrandFilter()[pri:2, instance:testScenarios.DisplayBookshelves@233795b6]" name="mouseHoverOfBrandFilter" class="testScenarios.DisplayBookshelves"/>
      </group> <!-- Regression Test one -->
    </groups>
    <test started-at="2024-03-04T20:22:50 IST" name="Smoke Test one" finished-at="2024-03-04T20:23:07 IST" duration-ms="16968">
      <class name="testScenarios.DisplayBookshelves">
        <test-method is-config="true" signature="driverConfig()[pri:0, instance:testScenarios.DisplayBookshelves@4c371370]" started-at="2024-03-04T20:22:50 IST" name="driverConfig" finished-at="2024-03-04T20:22:56 IST" duration-ms="5570" status="PASS">
          <reporter-output>
          </reporter-output>
        </test-method> <!-- driverConfig -->
        <test-method signature="clickOnBookShelvesMenu()[pri:1, instance:testScenarios.DisplayBookshelves@4c371370]" started-at="2024-03-04T20:22:56 IST" name="clickOnBookShelvesMenu" finished-at="2024-03-04T20:23:07 IST" duration-ms="11346" status="PASS">
          <reporter-output>
          </reporter-output>
        </test-method> <!-- clickOnBookShelvesMenu -->
      </class> <!-- testScenarios.DisplayBookshelves -->
    </test> <!-- Smoke Test one -->
    <test started-at="2024-03-04T20:23:07 IST" name="Regression Test one" finished-at="2024-03-04T20:23:22 IST" duration-ms="14917">
      <class name="testScenarios.DisplayBookshelves">
        <test-method signature="mouseHoverOfBrandFilter()[pri:2, instance:testScenarios.DisplayBookshelves@233795b6]" started-at="2024-03-04T20:23:07 IST" name="mouseHoverOfBrandFilter" finished-at="2024-03-04T20:23:22 IST" duration-ms="14913" status="PASS">
          <reporter-output>
          </reporter-output>
        </test-method> <!-- mouseHoverOfBrandFilter -->
      </class> <!-- testScenarios.DisplayBookshelves -->
    </test> <!-- Regression Test one -->
    <test started-at="2024-03-04T20:23:22 IST" name="Smoke Test two" finished-at="2024-03-04T20:23:28 IST" duration-ms="6380">
      <class name="testScenarios.DisplayBookshelves">
        <test-method signature="giftCard()[pri:3, instance:testScenarios.DisplayBookshelves@5bda8e08]" started-at="2024-03-04T20:23:22 IST" name="giftCard" finished-at="2024-03-04T20:23:26 IST" duration-ms="3563" status="PASS">
          <reporter-output>
          </reporter-output>
        </test-method> <!-- giftCard -->
        <test-method signature="screenShotOfErrorMessage()[pri:4, instance:testScenarios.DisplayBookshelves@5bda8e08]" started-at="2024-03-04T20:23:26 IST" name="screenShotOfErrorMessage" finished-at="2024-03-04T20:23:26 IST" duration-ms="360" status="PASS">
          <reporter-output>
          </reporter-output>
        </test-method> <!-- screenShotOfErrorMessage -->
        <test-method signature="displayErrorMessage()[pri:5, instance:testScenarios.DisplayBookshelves@5bda8e08]" started-at="2024-03-04T20:23:26 IST" name="displayErrorMessage" finished-at="2024-03-04T20:23:26 IST" duration-ms="21" status="PASS">
          <reporter-output>
          </reporter-output>
        </test-method> <!-- displayErrorMessage -->
        <test-method is-config="true" signature="closingBrowser()[pri:0, instance:testScenarios.DisplayBookshelves@5bda8e08]" started-at="2024-03-04T20:23:26 IST" name="closingBrowser" finished-at="2024-03-04T20:23:28 IST" duration-ms="2426" status="PASS">
          <reporter-output>
          </reporter-output>
        </test-method> <!-- closingBrowser -->
      </class> <!-- testScenarios.DisplayBookshelves -->
    </test> <!-- Smoke Test two -->
  </suite> <!-- Funtional Testing -->
</testng-results>
